<?xml version="1.0" encoding="UTF-8"?>
<testng-results skipped="0" failed="0" ignored="0" total="2" passed="2">
  <reporter-output>
  </reporter-output>
  <suite name="Suite" duration-ms="29114" started-at="2019-11-08T14:28:02 IST" finished-at="2019-11-08T14:28:31 IST">
    <groups>
    </groups>
    <test name="Test1" duration-ms="29114" started-at="2019-11-08T14:28:02 IST" finished-at="2019-11-08T14:28:31 IST">
      <class name="com.atmecs.qa.script.TutorialsninjaScript">
        <test-method status="PASS" signature="configSetup(java.lang.String, java.lang.String)[pri:0, instance:com.atmecs.qa.script.TutorialsninjaScript@627551fb]" name="configSetup" is-config="true" duration-ms="14801" started-at="2019-11-08T14:28:02 IST" finished-at="2019-11-08T14:28:17 IST">
          <params>
            <param index="0">
              <value>
                <![CDATA[chrome]]>
              </value>
            </param>
            <param index="1">
              <value>
                <![CDATA[http://tutorialsninja.com/demo/]]>
              </value>
            </param>
          </params>
          <reporter-output>
          </reporter-output>
        </test-method> <!-- configSetup -->
        <test-method status="PASS" signature="validateHomePage()[pri:1, instance:com.atmecs.qa.script.TutorialsninjaScript@627551fb]" name="validateHomePage" duration-ms="132" started-at="2019-11-08T14:28:17 IST" finished-at="2019-11-08T14:28:17 IST">
          <reporter-output>
          </reporter-output>
        </test-method> <!-- validateHomePage -->
        <test-method status="PASS" signature="searchItemMethod(java.lang.String)[pri:2, instance:com.atmecs.qa.script.TutorialsninjaScript@627551fb]" name="searchItemMethod" duration-ms="12246" started-at="2019-11-08T14:28:18 IST" data-provider="homePage" finished-at="2019-11-08T14:28:31 IST">
          <params>
            <param index="0">
              <value>
                <![CDATA[ macbook]]>
              </value>
            </param>
          </params>
          <reporter-output>
          </reporter-output>
        </test-method> <!-- searchItemMethod -->
        <test-method status="PASS" signature="endReport()[pri:0, instance:com.atmecs.qa.script.TutorialsninjaScript@627551fb]" name="endReport" is-config="true" duration-ms="892" started-at="2019-11-08T14:28:31 IST" finished-at="2019-11-08T14:28:31 IST">
          <reporter-output>
          </reporter-output>
        </test-method> <!-- endReport -->
      </class> <!-- com.atmecs.qa.script.TutorialsninjaScript -->
    </test> <!-- Test1 -->
  </suite> <!-- Suite -->
  <suite name="Test-class Suite" duration-ms="0" started-at="2019-11-08T14:28:32 IST" finished-at="2019-11-08T14:28:32 IST">
    <groups>
    </groups>
  </suite> <!-- Test-class Suite -->
</testng-results>
